<?xml version="1.0" encoding="UTF-8"?>
<testsuite name="Cucumber" time="35.304" tests="4" skipped="0" failures="3" errors="0">
<testcase classname="Scenario Outline" name="Negatif Uyelik Testi - Example #1.1" time="34.655">
<system-out><![CDATA[
Given boyner sitesine gidilir...............................................passed
When login ikonu ustune gidilir.............................................passed
And uye ol linki tiklanir...................................................passed
Then uyelik sayfasinda oldugu dogrulanir....................................passed
And uyelik sayfasinda ad bolumune "hakan" girilir...........................passed
And uyelik sayfasinda email bolumune"jaziah.poe" girilir....................passed
And uyelik sayfasinda password bolumune"123456a" girilir....................passed
And uyelik sayfasinda cep telefonu bolumune"5455444444" girilir.............passed
And uyelik metni icin "1" checkbox secilir..................................passed
And riza metni icin "1" checkbox secilir....................................passed
And uye ol butonu tiklanir..................................................passed
]]></system-out>
</testcase>
<testcase classname="Scenario Outline" name="Negatif Uyelik Testi - Example #1.2" time="0.148">
<failure type="org.openqa.selenium.NoSuchSessionException" message="invalid session id
Build info: version: '4.13.0', revision: 'ba948ece5b*'
System info: os.name: 'Windows 10', os.arch: 'amd64', os.version: '10.0', java.version: '17.0.10'
Driver info: org.openqa.selenium.edge.EdgeDriver
Command: [27ef5be05e0b04b441fdc0fa7d28e623, get {url=https://www.boyner.com.tr}]
Capabilities {acceptInsecureCerts: false, browserName: MicrosoftEdge, browserVersion: 123.0.2420.97, fedcm:accounts: true, ms:edgeOptions: {debuggerAddress: localhost:51003}, msedge: {msedgedriverVersion: 123.0.2420.97 (ba5f45140663..., userDataDir: C:\Users\Hakan\AppData\Loca...}, networkConnectionEnabled: false, pageLoadStrategy: normal, platformName: windows, proxy: Proxy(), se:cdp: ws://localhost:51003/devtoo..., se:cdpVersion: 123.0.2420.97, setWindowRect: true, strictFileInteractability: false, timeouts: {implicit: 0, pageLoad: 300000, script: 30000}, unhandledPromptBehavior: dismiss and notify, webauthn:extension:credBlob: true, webauthn:extension:largeBlob: true, webauthn:extension:minPinLength: true, webauthn:extension:prf: true, webauthn:virtualAuthenticators: true}
Session ID: 27ef5be05e0b04b441fdc0fa7d28e623">
<![CDATA[org.openqa.selenium.NoSuchSessionException: invalid session id
Build info: version: '4.13.0', revision: 'ba948ece5b*'
System info: os.name: 'Windows 10', os.arch: 'amd64', os.version: '10.0', java.version: '17.0.10'
Driver info: org.openqa.selenium.edge.EdgeDriver
Command: [27ef5be05e0b04b441fdc0fa7d28e623, get {url=https://www.boyner.com.tr}]
Capabilities {acceptInsecureCerts: false, browserName: MicrosoftEdge, browserVersion: 123.0.2420.97, fedcm:accounts: true, ms:edgeOptions: {debuggerAddress: localhost:51003}, msedge: {msedgedriverVersion: 123.0.2420.97 (ba5f45140663..., userDataDir: C:\Users\Hakan\AppData\Loca...}, networkConnectionEnabled: false, pageLoadStrategy: normal, platformName: windows, proxy: Proxy(), se:cdp: ws://localhost:51003/devtoo..., se:cdpVersion: 123.0.2420.97, setWindowRect: true, strictFileInteractability: false, timeouts: {implicit: 0, pageLoad: 300000, script: 30000}, unhandledPromptBehavior: dismiss and notify, webauthn:extension:credBlob: true, webauthn:extension:largeBlob: true, webauthn:extension:minPinLength: true, webauthn:extension:prf: true, webauthn:virtualAuthenticators: true}
Session ID: 27ef5be05e0b04b441fdc0fa7d28e623
	at java.base/jdk.internal.reflect.NativeConstructorAccessorImpl.newInstance0(Native Method)
	at java.base/jdk.internal.reflect.NativeConstructorAccessorImpl.newInstance(NativeConstructorAccessorImpl.java:77)
	at java.base/jdk.internal.reflect.DelegatingConstructorAccessorImpl.newInstance(DelegatingConstructorAccessorImpl.java:45)
	at java.base/java.lang.reflect.Constructor.newInstanceWithCaller(Constructor.java:499)
	at java.base/java.lang.reflect.Constructor.newInstance(Constructor.java:480)
	at org.openqa.selenium.remote.codec.w3c.W3CHttpResponseCodec.createException(W3CHttpResponseCodec.java:200)
	at org.openqa.selenium.remote.codec.w3c.W3CHttpResponseCodec.decode(W3CHttpResponseCodec.java:133)
	at org.openqa.selenium.remote.codec.w3c.W3CHttpResponseCodec.decode(W3CHttpResponseCodec.java:52)
	at org.openqa.selenium.remote.HttpCommandExecutor.execute(HttpCommandExecutor.java:191)
	at org.openqa.selenium.remote.service.DriverCommandExecutor.invokeExecute(DriverCommandExecutor.java:196)
	at org.openqa.selenium.remote.service.DriverCommandExecutor.execute(DriverCommandExecutor.java:171)
	at org.openqa.selenium.remote.RemoteWebDriver.execute(RemoteWebDriver.java:602)
	at org.openqa.selenium.remote.RemoteWebDriver.get(RemoteWebDriver.java:304)
	at stepdefinitions.day03_ScenarioOutline_StepDef.boyner_sitesine_gidilir(day03_ScenarioOutline_StepDef.java:28)
	at ✽.boyner sitesine gidilir(file:///C:/Users/Hakan/IdeaProjects/Cucumber_Ders/src/test/resources/features/day03_ScenarioOutline.feature:5)
]]>
</failure>
<system-out><![CDATA[
Given boyner sitesine gidilir...............................................failed
When login ikonu ustune gidilir.............................................skipped
And uye ol linki tiklanir...................................................skipped
Then uyelik sayfasinda oldugu dogrulanir....................................skipped
And uyelik sayfasinda ad bolumune "hakan" girilir...........................skipped
And uyelik sayfasinda email bolumune"jaziah.poe@" girilir...................skipped
And uyelik sayfasinda password bolumune"123456a" girilir....................skipped
And uyelik sayfasinda cep telefonu bolumune"5455444444" girilir.............skipped
And uyelik metni icin "1" checkbox secilir..................................skipped
And riza metni icin "1" checkbox secilir....................................skipped
And uye ol butonu tiklanir..................................................skipped
]]></system-out>
</testcase>
<testcase classname="Scenario Outline" name="Negatif Uyelik Testi - Example #1.3" time="0.025">
<failure type="org.openqa.selenium.NoSuchSessionException" message="invalid session id
Build info: version: '4.13.0', revision: 'ba948ece5b*'
System info: os.name: 'Windows 10', os.arch: 'amd64', os.version: '10.0', java.version: '17.0.10'
Driver info: org.openqa.selenium.edge.EdgeDriver
Command: [27ef5be05e0b04b441fdc0fa7d28e623, get {url=https://www.boyner.com.tr}]
Capabilities {acceptInsecureCerts: false, browserName: MicrosoftEdge, browserVersion: 123.0.2420.97, fedcm:accounts: true, ms:edgeOptions: {debuggerAddress: localhost:51003}, msedge: {msedgedriverVersion: 123.0.2420.97 (ba5f45140663..., userDataDir: C:\Users\Hakan\AppData\Loca...}, networkConnectionEnabled: false, pageLoadStrategy: normal, platformName: windows, proxy: Proxy(), se:cdp: ws://localhost:51003/devtoo..., se:cdpVersion: 123.0.2420.97, setWindowRect: true, strictFileInteractability: false, timeouts: {implicit: 0, pageLoad: 300000, script: 30000}, unhandledPromptBehavior: dismiss and notify, webauthn:extension:credBlob: true, webauthn:extension:largeBlob: true, webauthn:extension:minPinLength: true, webauthn:extension:prf: true, webauthn:virtualAuthenticators: true}
Session ID: 27ef5be05e0b04b441fdc0fa7d28e623">
<![CDATA[org.openqa.selenium.NoSuchSessionException: invalid session id
Build info: version: '4.13.0', revision: 'ba948ece5b*'
System info: os.name: 'Windows 10', os.arch: 'amd64', os.version: '10.0', java.version: '17.0.10'
Driver info: org.openqa.selenium.edge.EdgeDriver
Command: [27ef5be05e0b04b441fdc0fa7d28e623, get {url=https://www.boyner.com.tr}]
Capabilities {acceptInsecureCerts: false, browserName: MicrosoftEdge, browserVersion: 123.0.2420.97, fedcm:accounts: true, ms:edgeOptions: {debuggerAddress: localhost:51003}, msedge: {msedgedriverVersion: 123.0.2420.97 (ba5f45140663..., userDataDir: C:\Users\Hakan\AppData\Loca...}, networkConnectionEnabled: false, pageLoadStrategy: normal, platformName: windows, proxy: Proxy(), se:cdp: ws://localhost:51003/devtoo..., se:cdpVersion: 123.0.2420.97, setWindowRect: true, strictFileInteractability: false, timeouts: {implicit: 0, pageLoad: 300000, script: 30000}, unhandledPromptBehavior: dismiss and notify, webauthn:extension:credBlob: true, webauthn:extension:largeBlob: true, webauthn:extension:minPinLength: true, webauthn:extension:prf: true, webauthn:virtualAuthenticators: true}
Session ID: 27ef5be05e0b04b441fdc0fa7d28e623
	at java.base/jdk.internal.reflect.NativeConstructorAccessorImpl.newInstance0(Native Method)
	at java.base/jdk.internal.reflect.NativeConstructorAccessorImpl.newInstance(NativeConstructorAccessorImpl.java:77)
	at java.base/jdk.internal.reflect.DelegatingConstructorAccessorImpl.newInstance(DelegatingConstructorAccessorImpl.java:45)
	at java.base/java.lang.reflect.Constructor.newInstanceWithCaller(Constructor.java:499)
	at java.base/java.lang.reflect.Constructor.newInstance(Constructor.java:480)
	at org.openqa.selenium.remote.codec.w3c.W3CHttpResponseCodec.createException(W3CHttpResponseCodec.java:200)
	at org.openqa.selenium.remote.codec.w3c.W3CHttpResponseCodec.decode(W3CHttpResponseCodec.java:133)
	at org.openqa.selenium.remote.codec.w3c.W3CHttpResponseCodec.decode(W3CHttpResponseCodec.java:52)
	at org.openqa.selenium.remote.HttpCommandExecutor.execute(HttpCommandExecutor.java:191)
	at org.openqa.selenium.remote.service.DriverCommandExecutor.invokeExecute(DriverCommandExecutor.java:196)
	at org.openqa.selenium.remote.service.DriverCommandExecutor.execute(DriverCommandExecutor.java:171)
	at org.openqa.selenium.remote.RemoteWebDriver.execute(RemoteWebDriver.java:602)
	at org.openqa.selenium.remote.RemoteWebDriver.get(RemoteWebDriver.java:304)
	at stepdefinitions.day03_ScenarioOutline_StepDef.boyner_sitesine_gidilir(day03_ScenarioOutline_StepDef.java:28)
	at ✽.boyner sitesine gidilir(file:///C:/Users/Hakan/IdeaProjects/Cucumber_Ders/src/test/resources/features/day03_ScenarioOutline.feature:5)
]]>
</failure>
<system-out><![CDATA[
Given boyner sitesine gidilir...............................................failed
When login ikonu ustune gidilir.............................................skipped
And uye ol linki tiklanir...................................................skipped
Then uyelik sayfasinda oldugu dogrulanir....................................skipped
And uyelik sayfasinda ad bolumune "hakan" girilir...........................skipped
And uyelik sayfasinda email bolumune"jaziah.poe@free2ducks" girilir.........skipped
And uyelik sayfasinda password bolumune"123456a" girilir....................skipped
And uyelik sayfasinda cep telefonu bolumune"5455444444" girilir.............skipped
And uyelik metni icin "1" checkbox secilir..................................skipped
And riza metni icin "1" checkbox secilir....................................skipped
And uye ol butonu tiklanir..................................................skipped
]]></system-out>
</testcase>
<testcase classname="Scenario Outline" name="Negatif Uyelik Testi - Example #1.4" time="0.028">
<failure type="org.openqa.selenium.NoSuchSessionException" message="invalid session id
Build info: version: '4.13.0', revision: 'ba948ece5b*'
System info: os.name: 'Windows 10', os.arch: 'amd64', os.version: '10.0', java.version: '17.0.10'
Driver info: org.openqa.selenium.edge.EdgeDriver
Command: [27ef5be05e0b04b441fdc0fa7d28e623, get {url=https://www.boyner.com.tr}]
Capabilities {acceptInsecureCerts: false, browserName: MicrosoftEdge, browserVersion: 123.0.2420.97, fedcm:accounts: true, ms:edgeOptions: {debuggerAddress: localhost:51003}, msedge: {msedgedriverVersion: 123.0.2420.97 (ba5f45140663..., userDataDir: C:\Users\Hakan\AppData\Loca...}, networkConnectionEnabled: false, pageLoadStrategy: normal, platformName: windows, proxy: Proxy(), se:cdp: ws://localhost:51003/devtoo..., se:cdpVersion: 123.0.2420.97, setWindowRect: true, strictFileInteractability: false, timeouts: {implicit: 0, pageLoad: 300000, script: 30000}, unhandledPromptBehavior: dismiss and notify, webauthn:extension:credBlob: true, webauthn:extension:largeBlob: true, webauthn:extension:minPinLength: true, webauthn:extension:prf: true, webauthn:virtualAuthenticators: true}
Session ID: 27ef5be05e0b04b441fdc0fa7d28e623">
<![CDATA[org.openqa.selenium.NoSuchSessionException: invalid session id
Build info: version: '4.13.0', revision: 'ba948ece5b*'
System info: os.name: 'Windows 10', os.arch: 'amd64', os.version: '10.0', java.version: '17.0.10'
Driver info: org.openqa.selenium.edge.EdgeDriver
Command: [27ef5be05e0b04b441fdc0fa7d28e623, get {url=https://www.boyner.com.tr}]
Capabilities {acceptInsecureCerts: false, browserName: MicrosoftEdge, browserVersion: 123.0.2420.97, fedcm:accounts: true, ms:edgeOptions: {debuggerAddress: localhost:51003}, msedge: {msedgedriverVersion: 123.0.2420.97 (ba5f45140663..., userDataDir: C:\Users\Hakan\AppData\Loca...}, networkConnectionEnabled: false, pageLoadStrategy: normal, platformName: windows, proxy: Proxy(), se:cdp: ws://localhost:51003/devtoo..., se:cdpVersion: 123.0.2420.97, setWindowRect: true, strictFileInteractability: false, timeouts: {implicit: 0, pageLoad: 300000, script: 30000}, unhandledPromptBehavior: dismiss and notify, webauthn:extension:credBlob: true, webauthn:extension:largeBlob: true, webauthn:extension:minPinLength: true, webauthn:extension:prf: true, webauthn:virtualAuthenticators: true}
Session ID: 27ef5be05e0b04b441fdc0fa7d28e623
	at java.base/jdk.internal.reflect.NativeConstructorAccessorImpl.newInstance0(Native Method)
	at java.base/jdk.internal.reflect.NativeConstructorAccessorImpl.newInstance(NativeConstructorAccessorImpl.java:77)
	at java.base/jdk.internal.reflect.DelegatingConstructorAccessorImpl.newInstance(DelegatingConstructorAccessorImpl.java:45)
	at java.base/java.lang.reflect.Constructor.newInstanceWithCaller(Constructor.java:499)
	at java.base/java.lang.reflect.Constructor.newInstance(Constructor.java:480)
	at org.openqa.selenium.remote.codec.w3c.W3CHttpResponseCodec.createException(W3CHttpResponseCodec.java:200)
	at org.openqa.selenium.remote.codec.w3c.W3CHttpResponseCodec.decode(W3CHttpResponseCodec.java:133)
	at org.openqa.selenium.remote.codec.w3c.W3CHttpResponseCodec.decode(W3CHttpResponseCodec.java:52)
	at org.openqa.selenium.remote.HttpCommandExecutor.execute(HttpCommandExecutor.java:191)
	at org.openqa.selenium.remote.service.DriverCommandExecutor.invokeExecute(DriverCommandExecutor.java:196)
	at org.openqa.selenium.remote.service.DriverCommandExecutor.execute(DriverCommandExecutor.java:171)
	at org.openqa.selenium.remote.RemoteWebDriver.execute(RemoteWebDriver.java:602)
	at org.openqa.selenium.remote.RemoteWebDriver.get(RemoteWebDriver.java:304)
	at stepdefinitions.day03_ScenarioOutline_StepDef.boyner_sitesine_gidilir(day03_ScenarioOutline_StepDef.java:28)
	at ✽.boyner sitesine gidilir(file:///C:/Users/Hakan/IdeaProjects/Cucumber_Ders/src/test/resources/features/day03_ScenarioOutline.feature:5)
]]>
</failure>
<system-out><![CDATA[
Given boyner sitesine gidilir...............................................failed
When login ikonu ustune gidilir.............................................skipped
And uye ol linki tiklanir...................................................skipped
Then uyelik sayfasinda oldugu dogrulanir....................................skipped
And uyelik sayfasinda ad bolumune "hakan" girilir...........................skipped
And uyelik sayfasinda email bolumune"jaziah.poe@free2ducks." girilir........skipped
And uyelik sayfasinda password bolumune"123456a" girilir....................skipped
And uyelik sayfasinda cep telefonu bolumune"5455444444" girilir.............skipped
And uyelik metni icin "1" checkbox secilir..................................skipped
And riza metni icin "1" checkbox secilir....................................skipped
And uye ol butonu tiklanir..................................................skipped
]]></system-out>
</testcase>
</testsuite>
