<?xml version="1.0" encoding="UTF-8"?>
<testsuite name="Cucumber" time="51.681" tests="4" skipped="0" failures="3" errors="0">
<testcase classname="Scenario Outline" name="Negatif Uyelik Testi - Example #1.1" time="20.859">
<failure type="org.openqa.selenium.ElementNotInteractableException" message="element not interactable
  (Session info: MicrosoftEdge=123.0.2420.65)
Build info: version: '4.13.0', revision: 'ba948ece5b*'
System info: os.name: 'Windows 10', os.arch: 'amd64', os.version: '10.0', java.version: '17.0.9'
Driver info: org.openqa.selenium.edge.EdgeDriver
Command: [7f1602017660743fdb8935cab9719bec, clickElement {id=f.7A121D10DF95BDE33A5DBA80C7474A7E.d.7B0FFA5A80F6E9D95E5FB48E46F448BE.e.42}]
Capabilities {acceptInsecureCerts: false, browserName: MicrosoftEdge, browserVersion: 123.0.2420.65, fedcm:accounts: true, ms:edgeOptions: {debuggerAddress: localhost:55146}, msedge: {msedgedriverVersion: 123.0.2420.65 (49b6a5859239..., userDataDir: C:\Users\Hakan\AppData\Loca...}, networkConnectionEnabled: false, pageLoadStrategy: normal, platformName: windows, proxy: Proxy(), se:cdp: ws://localhost:55146/devtoo..., se:cdpVersion: 123.0.2420.65, setWindowRect: true, strictFileInteractability: false, timeouts: {implicit: 0, pageLoad: 300000, script: 30000}, unhandledPromptBehavior: dismiss and notify, webauthn:extension:credBlob: true, webauthn:extension:largeBlob: true, webauthn:extension:minPinLength: true, webauthn:extension:prf: true, webauthn:virtualAuthenticators: true}
Element: [[EdgeDriver: MicrosoftEdge on windows (7f1602017660743fdb8935cab9719bec)] -&gt; css selector: a[class='user-cart-active_link__Y0FkN]
Session ID: 7f1602017660743fdb8935cab9719bec">
<![CDATA[org.openqa.selenium.ElementNotInteractableException: element not interactable
  (Session info: MicrosoftEdge=123.0.2420.65)
Build info: version: '4.13.0', revision: 'ba948ece5b*'
System info: os.name: 'Windows 10', os.arch: 'amd64', os.version: '10.0', java.version: '17.0.9'
Driver info: org.openqa.selenium.edge.EdgeDriver
Command: [7f1602017660743fdb8935cab9719bec, clickElement {id=f.7A121D10DF95BDE33A5DBA80C7474A7E.d.7B0FFA5A80F6E9D95E5FB48E46F448BE.e.42}]
Capabilities {acceptInsecureCerts: false, browserName: MicrosoftEdge, browserVersion: 123.0.2420.65, fedcm:accounts: true, ms:edgeOptions: {debuggerAddress: localhost:55146}, msedge: {msedgedriverVersion: 123.0.2420.65 (49b6a5859239..., userDataDir: C:\Users\Hakan\AppData\Loca...}, networkConnectionEnabled: false, pageLoadStrategy: normal, platformName: windows, proxy: Proxy(), se:cdp: ws://localhost:55146/devtoo..., se:cdpVersion: 123.0.2420.65, setWindowRect: true, strictFileInteractability: false, timeouts: {implicit: 0, pageLoad: 300000, script: 30000}, unhandledPromptBehavior: dismiss and notify, webauthn:extension:credBlob: true, webauthn:extension:largeBlob: true, webauthn:extension:minPinLength: true, webauthn:extension:prf: true, webauthn:virtualAuthenticators: true}
Element: [[EdgeDriver: MicrosoftEdge on windows (7f1602017660743fdb8935cab9719bec)] -> css selector: a[class='user-cart-active_link__Y0FkN]
Session ID: 7f1602017660743fdb8935cab9719bec
	at java.base/jdk.internal.reflect.NativeConstructorAccessorImpl.newInstance0(Native Method)
	at java.base/jdk.internal.reflect.NativeConstructorAccessorImpl.newInstance(NativeConstructorAccessorImpl.java:77)
	at java.base/jdk.internal.reflect.DelegatingConstructorAccessorImpl.newInstance(DelegatingConstructorAccessorImpl.java:45)
	at java.base/java.lang.reflect.Constructor.newInstanceWithCaller(Constructor.java:499)
	at java.base/java.lang.reflect.Constructor.newInstance(Constructor.java:480)
	at org.openqa.selenium.remote.codec.w3c.W3CHttpResponseCodec.createException(W3CHttpResponseCodec.java:200)
	at org.openqa.selenium.remote.codec.w3c.W3CHttpResponseCodec.decode(W3CHttpResponseCodec.java:133)
	at org.openqa.selenium.remote.codec.w3c.W3CHttpResponseCodec.decode(W3CHttpResponseCodec.java:52)
	at org.openqa.selenium.remote.HttpCommandExecutor.execute(HttpCommandExecutor.java:191)
	at org.openqa.selenium.remote.service.DriverCommandExecutor.invokeExecute(DriverCommandExecutor.java:196)
	at org.openqa.selenium.remote.service.DriverCommandExecutor.execute(DriverCommandExecutor.java:171)
	at org.openqa.selenium.remote.RemoteWebDriver.execute(RemoteWebDriver.java:602)
	at org.openqa.selenium.remote.RemoteWebElement.execute(RemoteWebElement.java:224)
	at org.openqa.selenium.remote.RemoteWebElement.click(RemoteWebElement.java:77)
	at java.base/jdk.internal.reflect.NativeMethodAccessorImpl.invoke0(Native Method)
	at java.base/jdk.internal.reflect.NativeMethodAccessorImpl.invoke(NativeMethodAccessorImpl.java:77)
	at java.base/jdk.internal.reflect.DelegatingMethodAccessorImpl.invoke(DelegatingMethodAccessorImpl.java:43)
	at java.base/java.lang.reflect.Method.invoke(Method.java:568)
	at org.openqa.selenium.support.pagefactory.internal.LocatingElementHandler.invoke(LocatingElementHandler.java:51)
	at jdk.proxy2/jdk.proxy2.$Proxy27.click(Unknown Source)
	at stepdefinitions.day03_ScenarioOutline_StepDef.uye_ol_linki_tiklanir(day03_ScenarioOutline_StepDef.java:39)
	at ✽.uye ol linki tiklanir(file:///C:/Users/Hakan/IdeaProjects/Cucumber_Ders/src/test/resources/features/day03_ScenarioOutline.feature:21)
]]>
</failure>
<system-out><![CDATA[
Given boyner sitesine gidilir...............................................passed
When login ikonu ustune gidilir.............................................passed
And uye ol linki tiklanir...................................................failed
Then uyelik sayfasinda oldugu dogrulanir....................................skipped
And uyelik sayfasinda ad bolumune "hakan" girilir...........................skipped
And uyelik sayfasinda email bolumune"jaziah.poe" girilir....................skipped
And uyelik sayfasinda password bolumune"123456a" girilir....................skipped
And uyelik sayfasinda cep telefonu bolumune"5455444444" girilir.............skipped
And uyelik metni icin "1" checkbox secilir..................................skipped
And riza metni icin "1" checkbox secilir....................................skipped
And uye ol butonu tiklanir..................................................skipped
]]></system-out>
</testcase>
<testcase classname="Scenario Outline" name="Negatif Uyelik Testi - Example #1.2" time="20.596">
<failure type="org.openqa.selenium.ElementNotInteractableException" message="element not interactable
  (Session info: MicrosoftEdge=123.0.2420.65)
Build info: version: '4.13.0', revision: 'ba948ece5b*'
System info: os.name: 'Windows 10', os.arch: 'amd64', os.version: '10.0', java.version: '17.0.9'
Driver info: org.openqa.selenium.edge.EdgeDriver
Command: [6d7ee89931384802a5e47d492eb11ec1, clickElement {id=f.BBF780EE1D7F266B6B56900CF0E913BE.d.734F9EC373121703289ED5C5A99FFF19.e.42}]
Capabilities {acceptInsecureCerts: false, browserName: MicrosoftEdge, browserVersion: 123.0.2420.65, fedcm:accounts: true, ms:edgeOptions: {debuggerAddress: localhost:55206}, msedge: {msedgedriverVersion: 123.0.2420.65 (49b6a5859239..., userDataDir: C:\Users\Hakan\AppData\Loca...}, networkConnectionEnabled: false, pageLoadStrategy: normal, platformName: windows, proxy: Proxy(), se:cdp: ws://localhost:55206/devtoo..., se:cdpVersion: 123.0.2420.65, setWindowRect: true, strictFileInteractability: false, timeouts: {implicit: 0, pageLoad: 300000, script: 30000}, unhandledPromptBehavior: dismiss and notify, webauthn:extension:credBlob: true, webauthn:extension:largeBlob: true, webauthn:extension:minPinLength: true, webauthn:extension:prf: true, webauthn:virtualAuthenticators: true}
Element: [[EdgeDriver: MicrosoftEdge on windows (6d7ee89931384802a5e47d492eb11ec1)] -&gt; css selector: a[class='user-cart-active_link__Y0FkN]
Session ID: 6d7ee89931384802a5e47d492eb11ec1">
<![CDATA[org.openqa.selenium.ElementNotInteractableException: element not interactable
  (Session info: MicrosoftEdge=123.0.2420.65)
Build info: version: '4.13.0', revision: 'ba948ece5b*'
System info: os.name: 'Windows 10', os.arch: 'amd64', os.version: '10.0', java.version: '17.0.9'
Driver info: org.openqa.selenium.edge.EdgeDriver
Command: [6d7ee89931384802a5e47d492eb11ec1, clickElement {id=f.BBF780EE1D7F266B6B56900CF0E913BE.d.734F9EC373121703289ED5C5A99FFF19.e.42}]
Capabilities {acceptInsecureCerts: false, browserName: MicrosoftEdge, browserVersion: 123.0.2420.65, fedcm:accounts: true, ms:edgeOptions: {debuggerAddress: localhost:55206}, msedge: {msedgedriverVersion: 123.0.2420.65 (49b6a5859239..., userDataDir: C:\Users\Hakan\AppData\Loca...}, networkConnectionEnabled: false, pageLoadStrategy: normal, platformName: windows, proxy: Proxy(), se:cdp: ws://localhost:55206/devtoo..., se:cdpVersion: 123.0.2420.65, setWindowRect: true, strictFileInteractability: false, timeouts: {implicit: 0, pageLoad: 300000, script: 30000}, unhandledPromptBehavior: dismiss and notify, webauthn:extension:credBlob: true, webauthn:extension:largeBlob: true, webauthn:extension:minPinLength: true, webauthn:extension:prf: true, webauthn:virtualAuthenticators: true}
Element: [[EdgeDriver: MicrosoftEdge on windows (6d7ee89931384802a5e47d492eb11ec1)] -> css selector: a[class='user-cart-active_link__Y0FkN]
Session ID: 6d7ee89931384802a5e47d492eb11ec1
	at java.base/jdk.internal.reflect.NativeConstructorAccessorImpl.newInstance0(Native Method)
	at java.base/jdk.internal.reflect.NativeConstructorAccessorImpl.newInstance(NativeConstructorAccessorImpl.java:77)
	at java.base/jdk.internal.reflect.DelegatingConstructorAccessorImpl.newInstance(DelegatingConstructorAccessorImpl.java:45)
	at java.base/java.lang.reflect.Constructor.newInstanceWithCaller(Constructor.java:499)
	at java.base/java.lang.reflect.Constructor.newInstance(Constructor.java:480)
	at org.openqa.selenium.remote.codec.w3c.W3CHttpResponseCodec.createException(W3CHttpResponseCodec.java:200)
	at org.openqa.selenium.remote.codec.w3c.W3CHttpResponseCodec.decode(W3CHttpResponseCodec.java:133)
	at org.openqa.selenium.remote.codec.w3c.W3CHttpResponseCodec.decode(W3CHttpResponseCodec.java:52)
	at org.openqa.selenium.remote.HttpCommandExecutor.execute(HttpCommandExecutor.java:191)
	at org.openqa.selenium.remote.service.DriverCommandExecutor.invokeExecute(DriverCommandExecutor.java:196)
	at org.openqa.selenium.remote.service.DriverCommandExecutor.execute(DriverCommandExecutor.java:171)
	at org.openqa.selenium.remote.RemoteWebDriver.execute(RemoteWebDriver.java:602)
	at org.openqa.selenium.remote.RemoteWebElement.execute(RemoteWebElement.java:224)
	at org.openqa.selenium.remote.RemoteWebElement.click(RemoteWebElement.java:77)
	at java.base/jdk.internal.reflect.NativeMethodAccessorImpl.invoke0(Native Method)
	at java.base/jdk.internal.reflect.NativeMethodAccessorImpl.invoke(NativeMethodAccessorImpl.java:77)
	at java.base/jdk.internal.reflect.DelegatingMethodAccessorImpl.invoke(DelegatingMethodAccessorImpl.java:43)
	at java.base/java.lang.reflect.Method.invoke(Method.java:568)
	at org.openqa.selenium.support.pagefactory.internal.LocatingElementHandler.invoke(LocatingElementHandler.java:51)
	at jdk.proxy2/jdk.proxy2.$Proxy27.click(Unknown Source)
	at stepdefinitions.day03_ScenarioOutline_StepDef.uye_ol_linki_tiklanir(day03_ScenarioOutline_StepDef.java:39)
	at ✽.uye ol linki tiklanir(file:///C:/Users/Hakan/IdeaProjects/Cucumber_Ders/src/test/resources/features/day03_ScenarioOutline.feature:21)
]]>
</failure>
<system-out><![CDATA[
Given boyner sitesine gidilir...............................................passed
When login ikonu ustune gidilir.............................................passed
And uye ol linki tiklanir...................................................failed
Then uyelik sayfasinda oldugu dogrulanir....................................skipped
And uyelik sayfasinda ad bolumune "hakan" girilir...........................skipped
And uyelik sayfasinda email bolumune"jaziah.poe@" girilir...................skipped
And uyelik sayfasinda password bolumune"123456a" girilir....................skipped
And uyelik sayfasinda cep telefonu bolumune"5455444444" girilir.............skipped
And uyelik metni icin "1" checkbox secilir..................................skipped
And riza metni icin "1" checkbox secilir....................................skipped
And uye ol butonu tiklanir..................................................skipped
]]></system-out>
</testcase>
<testcase classname="Scenario Outline" name="Negatif Uyelik Testi - Example #1.3" time="9.834">
<system-out><![CDATA[
Given boyner sitesine gidilir...............................................passed
When login ikonu ustune gidilir.............................................passed
And uye ol linki tiklanir...................................................passed
Then uyelik sayfasinda oldugu dogrulanir....................................passed
And uyelik sayfasinda ad bolumune "hakan" girilir...........................passed
And uyelik sayfasinda email bolumune"jaziah.poe@free2ducks" girilir.........passed
And uyelik sayfasinda password bolumune"123456a" girilir....................passed
And uyelik sayfasinda cep telefonu bolumune"5455444444" girilir.............passed
And uyelik metni icin "1" checkbox secilir..................................passed
And riza metni icin "1" checkbox secilir....................................passed
And uye ol butonu tiklanir..................................................passed
]]></system-out>
</testcase>
<testcase classname="Scenario Outline" name="Negatif Uyelik Testi - Example #1.4" time="0.115">
<failure type="org.openqa.selenium.NoSuchSessionException" message="invalid session id
Build info: version: '4.13.0', revision: 'ba948ece5b*'
System info: os.name: 'Windows 10', os.arch: 'amd64', os.version: '10.0', java.version: '17.0.9'
Driver info: org.openqa.selenium.edge.EdgeDriver
Command: [93d7534510aa29732bb141f54217cda1, get {url=https://www.boyner.com.tr}]
Capabilities {acceptInsecureCerts: false, browserName: MicrosoftEdge, browserVersion: 123.0.2420.65, fedcm:accounts: true, ms:edgeOptions: {debuggerAddress: localhost:55274}, msedge: {msedgedriverVersion: 123.0.2420.65 (49b6a5859239..., userDataDir: C:\Users\Hakan\AppData\Loca...}, networkConnectionEnabled: false, pageLoadStrategy: normal, platformName: windows, proxy: Proxy(), se:cdp: ws://localhost:55274/devtoo..., se:cdpVersion: 123.0.2420.65, setWindowRect: true, strictFileInteractability: false, timeouts: {implicit: 0, pageLoad: 300000, script: 30000}, unhandledPromptBehavior: dismiss and notify, webauthn:extension:credBlob: true, webauthn:extension:largeBlob: true, webauthn:extension:minPinLength: true, webauthn:extension:prf: true, webauthn:virtualAuthenticators: true}
Session ID: 93d7534510aa29732bb141f54217cda1">
<![CDATA[org.openqa.selenium.NoSuchSessionException: invalid session id
Build info: version: '4.13.0', revision: 'ba948ece5b*'
System info: os.name: 'Windows 10', os.arch: 'amd64', os.version: '10.0', java.version: '17.0.9'
Driver info: org.openqa.selenium.edge.EdgeDriver
Command: [93d7534510aa29732bb141f54217cda1, get {url=https://www.boyner.com.tr}]
Capabilities {acceptInsecureCerts: false, browserName: MicrosoftEdge, browserVersion: 123.0.2420.65, fedcm:accounts: true, ms:edgeOptions: {debuggerAddress: localhost:55274}, msedge: {msedgedriverVersion: 123.0.2420.65 (49b6a5859239..., userDataDir: C:\Users\Hakan\AppData\Loca...}, networkConnectionEnabled: false, pageLoadStrategy: normal, platformName: windows, proxy: Proxy(), se:cdp: ws://localhost:55274/devtoo..., se:cdpVersion: 123.0.2420.65, setWindowRect: true, strictFileInteractability: false, timeouts: {implicit: 0, pageLoad: 300000, script: 30000}, unhandledPromptBehavior: dismiss and notify, webauthn:extension:credBlob: true, webauthn:extension:largeBlob: true, webauthn:extension:minPinLength: true, webauthn:extension:prf: true, webauthn:virtualAuthenticators: true}
Session ID: 93d7534510aa29732bb141f54217cda1
	at java.base/jdk.internal.reflect.NativeConstructorAccessorImpl.newInstance0(Native Method)
	at java.base/jdk.internal.reflect.NativeConstructorAccessorImpl.newInstance(NativeConstructorAccessorImpl.java:77)
	at java.base/jdk.internal.reflect.DelegatingConstructorAccessorImpl.newInstance(DelegatingConstructorAccessorImpl.java:45)
	at java.base/java.lang.reflect.Constructor.newInstanceWithCaller(Constructor.java:499)
	at java.base/java.lang.reflect.Constructor.newInstance(Constructor.java:480)
	at org.openqa.selenium.remote.codec.w3c.W3CHttpResponseCodec.createException(W3CHttpResponseCodec.java:200)
	at org.openqa.selenium.remote.codec.w3c.W3CHttpResponseCodec.decode(W3CHttpResponseCodec.java:133)
	at org.openqa.selenium.remote.codec.w3c.W3CHttpResponseCodec.decode(W3CHttpResponseCodec.java:52)
	at org.openqa.selenium.remote.HttpCommandExecutor.execute(HttpCommandExecutor.java:191)
	at org.openqa.selenium.remote.service.DriverCommandExecutor.invokeExecute(DriverCommandExecutor.java:196)
	at org.openqa.selenium.remote.service.DriverCommandExecutor.execute(DriverCommandExecutor.java:171)
	at org.openqa.selenium.remote.RemoteWebDriver.execute(RemoteWebDriver.java:602)
	at org.openqa.selenium.remote.RemoteWebDriver.get(RemoteWebDriver.java:304)
	at stepdefinitions.day03_ScenarioOutline_StepDef.boyner_sitesine_gidilir(day03_ScenarioOutline_StepDef.java:28)
	at ✽.boyner sitesine gidilir(file:///C:/Users/Hakan/IdeaProjects/Cucumber_Ders/src/test/resources/features/day03_ScenarioOutline.feature:5)
]]>
</failure>
<system-out><![CDATA[
Given boyner sitesine gidilir...............................................failed
When login ikonu ustune gidilir.............................................skipped
And uye ol linki tiklanir...................................................skipped
Then uyelik sayfasinda oldugu dogrulanir....................................skipped
And uyelik sayfasinda ad bolumune "hakan" girilir...........................skipped
And uyelik sayfasinda email bolumune"jaziah.poe@free2ducks." girilir........skipped
And uyelik sayfasinda password bolumune"123456a" girilir....................skipped
And uyelik sayfasinda cep telefonu bolumune"5455444444" girilir.............skipped
And uyelik metni icin "1" checkbox secilir..................................skipped
And riza metni icin "1" checkbox secilir....................................skipped
And uye ol butonu tiklanir..................................................skipped
]]></system-out>
</testcase>
</testsuite>
