<?xml version="1.0" encoding="UTF-8"?>
<testsuite name="Cucumber" time="41.447" tests="1" skipped="0" failures="0" errors="0">
<testcase classname="hooks" name="user" time="40.892">
<system-out><![CDATA[
Given got to practice.......................................................passed
And click on shop for admin.................................................passed
When click on android basket button.........................................passed
Then verify basket..........................................................passed
]]></system-out>
</testcase>
</testsuite>
