<?xml version="1.0" encoding="UTF-8"?>
<testsuite name="Cucumber" time="89.837" tests="1" skipped="0" failures="1" errors="0">
<testcase classname="Hooks Testi" name="Hooks Testi Pozitif" time="87.48">
<failure type="org.junit.ComparisonFailure" message="expected:&lt;[ekose gömlek]&gt; but was:&lt;[iran yapıştırıcısı]&gt;">
<![CDATA[org.junit.ComparisonFailure: expected:<[ekose gömlek]> but was:<[iran yapıştırıcısı]>
	at org.junit.Assert.assertEquals(Assert.java:117)
	at org.junit.Assert.assertEquals(Assert.java:146)
	at stepdefinitions.day05_Hooks_StepDef.sonuc_sayfasinda_oldugu_dogrulanir(day05_Hooks_StepDef.java:40)
	at ✽.sonuc sayfasinda "iran yapıştırıcısı" oldugu dogrulanir(file:///C:/Users/Hakan/IdeaProjects/Cucumber_Ders/src/test/resources/features/day05_Hooks.feature:9)
]]>
</failure>
<system-out><![CDATA[
Given "trendyol" sitesine gidilir...........................................passed
And arama kutusuna "ekose gömlek" yazılır...................................passed
Then arama sonuclarinin goruntulendigi dogrulanir...........................passed
Then sonuc sayfasinda "iran yapıştırıcısı" oldugu dogrulanir................failed
When sonuc sayfasindaki arama sonuc sayisi alinir...........................skipped
Then 20 den fazla urunun ekranda goruntulendigi dogrulanir..................skipped
]]></system-out>
</testcase>
</testsuite>
