<?xml version="1.0" encoding="UTF-8"?>
<testsuite name="Cucumber" time="76.621" tests="1" skipped="0" failures="1" errors="0">
<testcase classname="Hooks Testi" name="Hooks Testi Pozitif" time="74.762">
<failure type="java.lang.AssertionError">
<![CDATA[java.lang.AssertionError
	at org.junit.Assert.fail(Assert.java:87)
	at org.junit.Assert.assertTrue(Assert.java:42)
	at org.junit.Assert.assertTrue(Assert.java:53)
	at stepdefinitions.day05_Hooks_StepDef.aramaSonuclarininGoruntulendigiDogrulanir(day05_Hooks_StepDef.java:46)
	at ✽.arama sonuclarinin goruntulendigi dogrulanir(file:///C:/Users/Hakan/IdeaProjects/Cucumber_Ders/src/test/resources/features/day05_Hooks.feature:6)
]]>
</failure>
<system-out><![CDATA[
Given "trendyol" sitesine gidilir...........................................passed
And arama kutusuna "ekose gömlek" yazılır...................................passed
Then arama sonuclarinin goruntulendigi dogrulanir...........................failed
Then sonuc sayfasinda "iran yapıştırıcısı" oldugu dogrulanir................skipped
When sonuc sayfasindaki arama sonuc sayisi alinir...........................skipped
Then 20 den fazla urunun ekranda goruntulendigi dogrulanir..................skipped
]]></system-out>
</testcase>
</testsuite>
